<?xml version="1.0" encoding="UTF-8"?>
<testsuite xmlns:xsi="http://www.w3.org/2001/XMLSchema-instance" xsi:noNamespaceSchemaLocation="https://maven.apache.org/surefire/maven-surefire-plugin/xsd/surefire-test-report.xsd" name="validations.FloatContractTests" time="0.023" tests="47" errors="0" skipped="0" failures="0">
  <properties>
    <property name="sun.desktop" value="windows"/>
    <property name="awt.toolkit" value="sun.awt.windows.WToolkit"/>
    <property name="java.specification.version" value="11"/>
    <property name="sun.cpu.isalist" value="amd64"/>
    <property name="sun.jnu.encoding" value="Cp1252"/>
    <property name="java.class.path" value="C:\dev\java\Fluente\target\test-classes;C:\dev\java\Fluente\target\classes;C:\Users\di3g0\.m2\repository\org\projectlombok\lombok\1.18.14\lombok-1.18.14.jar;C:\Users\di3g0\.m2\repository\org\junit\jupiter\junit-jupiter\5.6.1\junit-jupiter-5.6.1.jar;C:\Users\di3g0\.m2\repository\org\junit\jupiter\junit-jupiter-api\5.6.1\junit-jupiter-api-5.6.1.jar;C:\Users\di3g0\.m2\repository\org\apiguardian\apiguardian-api\1.1.0\apiguardian-api-1.1.0.jar;C:\Users\di3g0\.m2\repository\org\opentest4j\opentest4j\1.2.0\opentest4j-1.2.0.jar;C:\Users\di3g0\.m2\repository\org\junit\platform\junit-platform-commons\1.6.1\junit-platform-commons-1.6.1.jar;C:\Users\di3g0\.m2\repository\org\junit\jupiter\junit-jupiter-params\5.6.1\junit-jupiter-params-5.6.1.jar;C:\Users\di3g0\.m2\repository\org\junit\jupiter\junit-jupiter-engine\5.6.1\junit-jupiter-engine-5.6.1.jar;C:\Users\di3g0\.m2\repository\org\junit\platform\junit-platform-engine\1.6.1\junit-platform-engine-1.6.1.jar;C:\Users\di3g0\.m2\repository\org\apache\commons\commons-lang3\3.11\commons-lang3-3.11.jar;"/>
    <property name="java.vm.vendor" value="Oracle Corporation"/>
    <property name="sun.arch.data.model" value="64"/>
    <property name="user.variant" value=""/>
    <property name="java.vendor.url" value="https://openjdk.java.net/"/>
    <property name="user.timezone" value="America/Sao_Paulo"/>
    <property name="java.vm.specification.version" value="11"/>
    <property name="os.name" value="Windows 10"/>
    <property name="sun.java.launcher" value="SUN_STANDARD"/>
    <property name="user.country" value="BR"/>
    <property name="sun.boot.library.path" value="C:\Program Files\Java\jdk-11.0.8\bin"/>
    <property name="sun.java.command" value="C:\Users\di3g0\AppData\Local\Temp\surefire13322721365670044792\surefirebooter5241646904822442216.jar C:\Users\di3g0\AppData\Local\Temp\surefire13322721365670044792 2020-10-17T12-01-36_542-jvmRun1 surefire14952245352008323786tmp surefire_02236318445620549693tmp"/>
    <property name="jdk.debug" value="release"/>
    <property name="surefire.test.class.path" value="C:\dev\java\Fluente\target\test-classes;C:\dev\java\Fluente\target\classes;C:\Users\di3g0\.m2\repository\org\projectlombok\lombok\1.18.14\lombok-1.18.14.jar;C:\Users\di3g0\.m2\repository\org\junit\jupiter\junit-jupiter\5.6.1\junit-jupiter-5.6.1.jar;C:\Users\di3g0\.m2\repository\org\junit\jupiter\junit-jupiter-api\5.6.1\junit-jupiter-api-5.6.1.jar;C:\Users\di3g0\.m2\repository\org\apiguardian\apiguardian-api\1.1.0\apiguardian-api-1.1.0.jar;C:\Users\di3g0\.m2\repository\org\opentest4j\opentest4j\1.2.0\opentest4j-1.2.0.jar;C:\Users\di3g0\.m2\repository\org\junit\platform\junit-platform-commons\1.6.1\junit-platform-commons-1.6.1.jar;C:\Users\di3g0\.m2\repository\org\junit\jupiter\junit-jupiter-params\5.6.1\junit-jupiter-params-5.6.1.jar;C:\Users\di3g0\.m2\repository\org\junit\jupiter\junit-jupiter-engine\5.6.1\junit-jupiter-engine-5.6.1.jar;C:\Users\di3g0\.m2\repository\org\junit\platform\junit-platform-engine\1.6.1\junit-platform-engine-1.6.1.jar;C:\Users\di3g0\.m2\repository\org\apache\commons\commons-lang3\3.11\commons-lang3-3.11.jar;"/>
    <property name="sun.cpu.endian" value="little"/>
    <property name="user.home" value="C:\Users\di3g0"/>
    <property name="user.language" value="pt"/>
    <property name="java.specification.vendor" value="Oracle Corporation"/>
    <property name="java.version.date" value="2020-07-14"/>
    <property name="java.home" value="C:\Program Files\Java\jdk-11.0.8"/>
    <property name="file.separator" value="\"/>
    <property name="basedir" value="C:\dev\java\Fluente"/>
    <property name="java.vm.compressedOopsMode" value="32-bit"/>
    <property name="line.separator" value="&#10;"/>
    <property name="java.specification.name" value="Java Platform API Specification"/>
    <property name="java.vm.specification.vendor" value="Oracle Corporation"/>
    <property name="java.awt.graphicsenv" value="sun.awt.Win32GraphicsEnvironment"/>
    <property name="surefire.real.class.path" value="C:\Users\di3g0\AppData\Local\Temp\surefire13322721365670044792\surefirebooter5241646904822442216.jar"/>
    <property name="user.script" value=""/>
    <property name="sun.management.compiler" value="HotSpot 64-Bit Tiered Compilers"/>
    <property name="java.runtime.version" value="11.0.8+10-LTS"/>
    <property name="user.name" value="di3g0"/>
    <property name="path.separator" value=";"/>
    <property name="os.version" value="10.0"/>
    <property name="java.runtime.name" value="Java(TM) SE Runtime Environment"/>
    <property name="file.encoding" value="Cp1252"/>
    <property name="java.vm.name" value="Java HotSpot(TM) 64-Bit Server VM"/>
    <property name="java.vendor.version" value="18.9"/>
    <property name="localRepository" value="C:\Users\di3g0\.m2\repository"/>
    <property name="java.vendor.url.bug" value="https://bugreport.java.com/bugreport/"/>
    <property name="java.io.tmpdir" value="C:\Users\di3g0\AppData\Local\Temp\"/>
    <property name="idea.version" value="2020.2.3"/>
    <property name="java.version" value="11.0.8"/>
    <property name="user.dir" value="C:\dev\java\Fluente"/>
    <property name="os.arch" value="amd64"/>
    <property name="java.vm.specification.name" value="Java Virtual Machine Specification"/>
    <property name="java.awt.printerjob" value="sun.awt.windows.WPrinterJob"/>
    <property name="sun.os.patch.level" value=""/>
    <property name="java.library.path" value="C:\Program Files\Java\jdk-11.0.8\bin;C:\Windows\Sun\Java\bin;C:\Windows\system32;C:\Windows;C:\Program Files\Common Files\Oracle\Java\javapath;C:\Windows\system32;C:\Windows;C:\Windows\System32\Wbem;C:\Windows\System32\WindowsPowerShell\v1.0\;C:\Windows\System32\OpenSSH\;%JAVA_HOME%\bin;C:\Program Files\Git\cmd;C:\Program Files\dotnet\;C:\Program Files\nodejs\;C:\Program Files (x86)\Yarn\bin\;C:\Users\di3g0\AppData\Local\Microsoft\WindowsApps;;C:\Users\di3g0\AppData\Local\Programs\Microsoft VS Code\bin;C:\Users\di3g0\.dotnet\tools;C:\Users\di3g0\AppData\Roaming\npm;C:\Users\di3g0\AppData\Local\Yarn\bin;."/>
    <property name="java.vendor" value="Oracle Corporation"/>
    <property name="java.vm.info" value="mixed mode"/>
    <property name="java.vm.version" value="11.0.8+10-LTS"/>
    <property name="sun.io.unicode.encoding" value="UnicodeLittle"/>
    <property name="java.class.version" value="55.0"/>
  </properties>
  <testcase name="isLowerOrEqualsThan_float{Float}[1]" classname="validations.FloatContractTests" time="0"/>
  <testcase name="isLowerOrEqualsThan_float{Float}[2]" classname="validations.FloatContractTests" time="0"/>
  <testcase name="isLowerThan_double{double}[1]" classname="validations.FloatContractTests" time="0"/>
  <testcase name="isLowerThan_double{double}[2]" classname="validations.FloatContractTests" time="0"/>
  <testcase name="isGreaterThan_long" classname="validations.FloatContractTests" time="0"/>
  <testcase name="isEquals_float" classname="validations.FloatContractTests" time="0"/>
  <testcase name="isNotEquals_float" classname="validations.FloatContractTests" time="0"/>
  <testcase name="isNotEquals_double" classname="validations.FloatContractTests" time="0"/>
  <testcase name="isLowerOrEqualsThan_int" classname="validations.FloatContractTests" time="0"/>
  <testcase name="isLowerOrEqualsThan_int{int}[1]" classname="validations.FloatContractTests" time="0"/>
  <testcase name="isLowerOrEqualsThan_int{int}[2]" classname="validations.FloatContractTests" time="0.001"/>
  <testcase name="isLowerOrEqualsThan{Double}[1]" classname="validations.FloatContractTests" time="0"/>
  <testcase name="isLowerOrEqualsThan{Double}[2]" classname="validations.FloatContractTests" time="0"/>
  <testcase name="isNullOrNullable" classname="validations.FloatContractTests" time="0"/>
  <testcase name="isGreaterOrEqualsThan_double{double}[1]" classname="validations.FloatContractTests" time="0"/>
  <testcase name="isGreaterOrEqualsThan_double{double}[2]" classname="validations.FloatContractTests" time="0"/>
  <testcase name="isNotEquals_Long" classname="validations.FloatContractTests" time="0"/>
  <testcase name="isBetween" classname="validations.FloatContractTests" time="0"/>
  <testcase name="isLowerOrEqualsThan_Long{long}[1]" classname="validations.FloatContractTests" time="0"/>
  <testcase name="isLowerOrEqualsThan_Long{long}[2]" classname="validations.FloatContractTests" time="0"/>
  <testcase name="isEquals" classname="validations.FloatContractTests" time="0.001"/>
  <testcase name="isGreaterThan" classname="validations.FloatContractTests" time="0"/>
  <testcase name="isGreaterOrEqualsThan_int{int}[1]" classname="validations.FloatContractTests" time="0"/>
  <testcase name="isGreaterOrEqualsThan_int{int}[2]" classname="validations.FloatContractTests" time="0"/>
  <testcase name="isGreaterOrEqualsThan_long{long}[1]" classname="validations.FloatContractTests" time="0"/>
  <testcase name="isGreaterOrEqualsThan_long{long}[2]" classname="validations.FloatContractTests" time="0"/>
  <testcase name="isGreaterThan_double" classname="validations.FloatContractTests" time="0"/>
  <testcase name="isLowerOrEqualsThan_double{Double}[1]" classname="validations.FloatContractTests" time="0"/>
  <testcase name="isLowerOrEqualsThan_double{Double}[2]" classname="validations.FloatContractTests" time="0"/>
  <testcase name="isGreaterThan_int" classname="validations.FloatContractTests" time="0"/>
  <testcase name="isGreaterOrEqualsThan_float{float}[1]" classname="validations.FloatContractTests" time="0"/>
  <testcase name="isGreaterOrEqualsThan_float{float}[2]" classname="validations.FloatContractTests" time="0"/>
  <testcase name="isGreaterThan_float" classname="validations.FloatContractTests" time="0"/>
  <testcase name="isLowerThan_Long{long}[1]" classname="validations.FloatContractTests" time="0"/>
  <testcase name="isLowerThan_Long{long}[2]" classname="validations.FloatContractTests" time="0"/>
  <testcase name="isEquals_double" classname="validations.FloatContractTests" time="0"/>
  <testcase name="isLowerThan{double}[1]" classname="validations.FloatContractTests" time="0"/>
  <testcase name="isLowerThan{double}[2]" classname="validations.FloatContractTests" time="0"/>
  <testcase name="isLowerThan_int{int}[1]" classname="validations.FloatContractTests" time="0"/>
  <testcase name="isLowerThan_int{int}[2]" classname="validations.FloatContractTests" time="0.001"/>
  <testcase name="isNotEquals_int" classname="validations.FloatContractTests" time="0"/>
  <testcase name="isGreaterOrEqualsThan{double}[1]" classname="validations.FloatContractTests" time="0.001"/>
  <testcase name="isGreaterOrEqualsThan{double}[2]" classname="validations.FloatContractTests" time="0"/>
  <testcase name="isLowerThan_float{float}[1]" classname="validations.FloatContractTests" time="0"/>
  <testcase name="isLowerThan_float{float}[2]" classname="validations.FloatContractTests" time="0.005"/>
  <testcase name="isEquals_Long" classname="validations.FloatContractTests" time="0"/>
  <testcase name="isNotEquals" classname="validations.FloatContractTests" time="0.001"/>
</testsuite>